<?xml version="1.0" encoding="UTF-8"?>
<!-- Generated by org.testng.reporters.JUnitReportReporter -->
<testsuite skipped="0" hostname="GCND8251LFTE" name="web.FirstSample" tests="4" failures="0" timestamp="2019-02-26T16:15:55 GMT-08:00" time="15.793" errors="0">
  <testcase name="ssoLogin" time="3.753" classname="web.FirstSample"/>
  <testcase name="ssoLogin" time="8.624" classname="web.FirstSample"/>
  <testcase name="homePage" time="3.369" classname="web.FirstSample"/>
  <testcase name="searchWeather" time="0.047" classname="web.FirstSample"/>
</testsuite> <!-- web.FirstSample -->
