<?xml version="1.0" encoding="UTF-8"?>
<!-- Generated by org.testng.reporters.JUnitReportReporter -->
<testsuite skipped="0" hostname="GCND8251LFTE" name="web.FirstSample" tests="4" failures="0" timestamp="2019-02-26T15:09:42 GMT-08:00" time="17.427" errors="0">
  <testcase name="ssoLogin" time="9.306" classname="web.FirstSample"/>
  <testcase name="ssoLogin" time="3.967" classname="web.FirstSample"/>
  <testcase name="homePage" time="4.096" classname="web.FirstSample"/>
  <testcase name="searchWeather" time="0.058" classname="web.FirstSample"/>
</testsuite> <!-- web.FirstSample -->
